1383703980 dylan 37 97 71 61 85 1 26 75 16 9 51 
1383703997 eunice 68 91 80 16 85 50 85 91 30 
1383704000 alice 33 79 31 71 29 74 60 54 5 2 61 53 14 44 7 38 48 37 41 43 
1383704008 alice 65 60 36 13 86 
1383704011 foster 74 
1383704016 hillary 18 92 19 42 70 75 
1383704019 graham 72 51 14 83 31 83 68 33 21 9 43 7 95 68 87 57 70 80 19 31 
1383704025 graham 76 37 57 31 32 65 37 70 86 30 2 42 
1383704034 hillary 84 43 25 80 20 39 26 3 63 59 52 53 1 
1383704036 eunice 23 72 45 93 20 69 22 41 42 61 85 92 83 10 10 90 34 3 26 
1383704049 hillary 77 48 39 26 53 78 69 18 25 26 98 81 
1383704053 alice 41 84 22 92 94 93 90 98 88 67 53 
1383704059 foster 41 0 42 
1383704070 bob 43 63 27 72 79 20 66 0 
1383704079 graham 34 97 1 64 
1383704085 bob 2 24 42 73 96 89 16 0 1 
1383704089 dylan 99 77 53 48 31 49 13 89 54 46 58 
1383704098 chester 54 17 2 65 37 14 43 47 65 96 88 10 35 17 
1383704106 foster 11 74 24 72 72 82 20 18 15 66 93 54 2 62 76 26 11 74 
1383704111 foster 65 95 6 35 86 3 
1383704126 bob 4 41 30 89 11 73 51 41 39 50 
1383704133 hillary 94 42 4 91 83 23 4 71 55 67 65 23 67 84 
1383704135 bob 88 93 12 43 71 25 99 8 87 
1383704138 dylan 5 32 24 72 
1383704141 alice 19 38 2 60 60 76 54 17 66 80 28 50 24 
1383704146 hillary 8 4 
1383704152 foster 55 
1383704153 graham 91 96 30 71 
1383704156 eunice 87 65 95 36 74 24 
1383704165 graham 17 
1383704168 bob 9 58 86 16 84 19 56 4 19 32 51 61 71 68 
1383704169 chester 92 13 3 90 17 40 78 23 40 97 48 57 54 53 64 21 22 99 6 
1383704175 bob 44 79 63 80 60 64 8 83 
1383704176 eunice 6 81 72 
1383704177 bob 30 59 23 87 37 28 96 82 16 68 11 8 86 
1383704188 eunice 69 53 9 14 5 84 16 84 79 84 12 
1383704198 hillary 65 70 14 11 14 36 56 7 89 33 96 45 16 
1383704204 hillary 33 88 59 39 83 82 
1383704206 eunice 39 78 0 36 83 59 65 0 10 21 0 96 77 36 41 28 85 
1383704207 alice 78 83 71 78 13 5 48 61 26 11 4 68 57 14 9 94 6 
1383704218 hillary 20 75 2 47 2 42 86 60 
1383704234 dylan 99 91 41 8 40 26 41 33 3 51 46 
1383704236 dylan 13 96 4 98 27 93 44 66 62 73 5 60 5 35 29 32 
1383704244 graham 8 27 38 82 67 16 36 61 45 
1383704249 bob 39 98 70 56 92 33 84 73 55 55 15 32 84 
1383704250 dylan 42 37 98 16 93 61 31 29 41 
1383704256 alice 13 83 36 53 85 
1383704257 foster 14 11 17 20 94 90 63 87 54 16 41 31 34 3 96 49 69 59 3 63 
1383704258 eunice 18 94 87 16 58 2 67 78 76 30 7 53 
1383704270 chester 35 80 30 11 27 51 38 
1383704272 chester 5 53 23 85 
1383704275 alice 69 74 47 56 72 88 33 
1383704278 dylan 73 42 35 27 
1383704279 chester 31 38 9 30 34 53 60 35 13 
1383704287 bob 30 
1383704294 foster 91 87 44 98 91 22 71 54 68 76 32 
1383704297 graham 69 8 90 30 4 62 83 34 29 80 50 37 
1383704313 dylan 39 44 67 62 15 47 8 65 26 99 11 47 55 48 
1383704322 dylan 61 33 46 37 94 48 2 86 97 34 70 89 44 
1383704326 chester 48 53 73 94 38 71 90 
1383704327 bob 82 15 89 54 50 
1383704338 chester 72 57 0 0 68 1 55 92 20 97 5 76 23 30 31 7 80 85 
1383704339 chester 33 9 37 23 10 41 77 9 54 40 89 72 54 33 82 36 7 
1383704349 dylan 1 75 5 
1383704350 hillary 74 51 35 92 76 64 42 88 8 44 96 2 29 41 82 51 97 64 
1383704353 foster 99 35 47 82 78 9 55 45 92 35 70 12 81 60 52 6 0 30 24 93 
1383704356 alice 61 63 69 10 64 71 
1383704362 alice 92 39 81 31 69 60 
1383704370 dylan 77 48 12 65 61 82 69 87 77 83 46 82 91 80 27 
1383704371 eunice 88 26 37 3 72 1 77 31 90 29 90 72 66 27 46 22 43 86 50 68 
1383704381 hillary 92 37 76 6 
1383704384 hillary 23 66 27 44 3 35 18 5 12 9 
1383704395 graham 77 85 37 0 
1383704399 foster 76 46 30 1 86 48 23 7 88 30 93 82 33 62 52 59 55 32 16 22 
1383704410 alice 60 75 55 8 38 64 
1383704411 hillary 71 29 57 57 27 51 90 
1383704414 foster 66 37 33 69 96 40 55 
1383704416 hillary 10 94 58 86 0 65 69 11 
1383704424 eunice 2 5 15 54 32 21 9 10 20 
1383704430 chester 14 9 83 94 74 34 94 68 3 48 7 65 0 12 
1383704438 dylan 81 29 46 70 73 9 30 46 85 33 71 8 69 43 16 86 61 
1383704442 foster 22 68 74 
1383704446 foster 89 42 10 69 66 49 32 49 57 86 64 47 20 44 
1383704448 chester 71 46 17 
1383704449 chester 84 18 6 38 13 20 61 31 87 89 53 63 30 29 48 
1383704450 eunice 23 83 97 70 96 12 32 64 88 39 19 98 97 55 4 3 29 
1383704451 bob 22 64 54 60 59 2 16 39 50 49 8 
1383704454 foster 20 18 10 70 36 73 24 89 98 58 71 8 25 18 52 96 80 95 43 
1383704466 chester 36 41 12 12 27 0 29 66 91 79 9 56 34 24 
1383704470 eunice 65 32 65 79 27 57 72 2 56 25 
1383704474 chester 35 74 4 2 73 
1383704487 foster 5 91 82 42 27 72 13 90 28 43 
1383704498 chester 11 11 40 66 49 83 
1383704503 chester 66 53 61 68 99 
1383704513 graham 79 38 71 90 74 99 38 38 70 
1383704517 chester 79 45 65 71 46 86 18 27 71 20 22 45 
1383704524 alice 4 28 36 90 41 18 86 32 37 85 
1383704536 eunice 19 33 45 13 58 78 47 82 95 14 
1383704539 eunice 63 10 77 43 
1383704542 chester 84 13 74 31 49 
1383704549 eunice 6 79 66 98 
1383704554 eunice 11 21 45 0 47 50 13 25 92 28 
1383704555 graham 23 59 24 18 50 1 67 20 52 40 15 4 14 12 82 
1383704559 bob 75 79 61 62 50 76 45 80 17 
1383704560 foster 26 
1383704570 chester 28 99 4 28 55 12 95 33 23 50 47 30 43 24 57 21 49 45 
1383704576 alice 5 4 75 80 38 75 47 8 27 29 12 99 39 53 75 35 39 77 48 
1383704577 graham 42 28 19 7 19 84 19 
1383704585 eunice 97 93 7 12 45 82 38 20 6 63 38 44 
1383704587 bob 14 28 
1383704594 graham 90 84 8 79 48 37 94 
1383704599 bob 82 33 39 47 
1383704602 chester 71 12 23 78 52 66 66 90 38 16 69 94 65 72 72 97 50 23 
1383704605 eunice 88 43 79 72 93 87 44 58 97 30 89 65 17 58 12 27 18 41 
1383704613 hillary 12 43 57 41 82 75 96 72 27 
1383704615 eunice 88 61 12 0 51 40 93 35 27 
1383704618 chester 37 72 63 98 79 14 18 70 78 27 24 83 66 62 
1383704619 eunice 33 5 17 
1383704621 dylan 1 8 57 19 30 
1383704637 bob 96 46 63 
1383704643 dylan 61 36 78 75 24 74 41 18 76 57 36 66 38 
1383704645 foster 32 
1383704648 foster 6 32 63 18 30 58 57 66 15 19 34 78 
1383704653 bob 94 4 6 3 88 69 69 73 55 76 54 87 81 96 2 91 
1383704659 bob 68 59 47 59 94 45 90 66 77 73 2 76 71 56 40 88 22 1 51 95 
1383704663 eunice 85 32 90 32 69 88 58 61 5 40 72 
1383704664 hillary 3 19 30 88 15 79 7 35 48 66 91 35 
1383704671 eunice 6 30 50 65 39 80 95 81 26 3 25 
1383704677 chester 39 62 96 94 34 78 63 40 33 85 59 36 97 20 57 30 
1383704678 foster 5 94 35 62 95 14 35 30 
1383704682 foster 71 23 12 42 37 67 11 83 78 84 18 15 92 60 15 8 
1383704684 hillary 70 32 58 37 93 33 66 5 36 37 65 71 65 81 46 70 16 76 57 
1383704700 graham 60 59 39 
1383704703 alice 25 34 50 19 29 93 58 36 86 48 
1383704704 graham 40 96 68 65 44 4 30 22 83 
