1383703964 dylan 40 
1383703968 chester 21 35 68 38 49 10 65 38 0 15 42 
1383703969 graham 77 92 12 38 55 72 91 85 2 78 69 96 48 73 5 93 70 70 94 25 
1383703971 alice 47 12 9 77 20 81 95 4 62 88 98 
1383703972 alice 12 45 66 40 59 9 9 
1383703979 chester 46 17 61 7 87 70 39 83 72 11 49 
1383703982 chester 73 9 69 90 26 16 6 
1383703989 alice 10 
1383703993 bob 42 16 35 62 80 18 32 13 89 61 55 84 6 19 
1383704022 foster 55 77 61 71 37 4 40 25 36 87 8 25 50 3 31 
1383704024 foster 99 20 2 
1383704028 graham 82 16 48 78 47 91 
1383704031 foster 83 29 4 16 59 
1383704035 bob 81 62 17 38 20 27 73 52 32 54 11 92 13 62 6 92 89 89 91 14 
1383704037 bob 15 79 34 0 80 17 75 62 45 6 
1383704038 eunice 63 65 62 87 34 66 11 
1383704041 foster 40 35 14 55 34 1 92 67 34 16 74 
1383704044 eunice 6 62 77 7 13 6 17 1 49 57 47 22 25 83 78 58 17 17 89 52 
1383704045 hillary 84 88 5 1 90 68 29 6 74 3 53 
1383704051 foster 3 
1383704058 hillary 79 30 51 73 34 36 36 88 5 28 22 42 12 95 75 
1383704063 dylan 33 56 34 46 11 47 78 
1383704073 chester 23 52 34 96 6 30 19 24 24 77 66 90 46 42 39 80 
1383704075 bob 24 56 
1383704078 foster 90 
1383704082 alice 59 11 6 66 41 55 54 37 11 25 51 63 21 69 54 
1383704090 chester 56 83 76 31 49 19 46 16 94 31 63 74 65 56 19 
1383704092 eunice 25 33 51 40 9 91 45 79 26 14 
1383704095 dylan 90 
1383704101 chester 91 17 
1383704105 eunice 63 98 86 12 69 29 
1383704120 dylan 89 50 66 90 3 73 86 37 
1383704128 graham 42 35 83 84 68 21 3 37 6 34 32 16 30 
1383704129 chester 56 83 42 0 98 89 58 35 21 23 54 98 50 57 44 10 
1383704132 hillary 17 
1383704134 dylan 62 55 1 75 86 
1383704137 bob 80 50 23 2 9 67 98 85 38 48 33 8 77 83 57 
1383704139 alice 39 10 77 90 16 38 7 75 5 66 57 33 74 92 28 14 11 78 14 
1383704142 dylan 24 99 54 85 36 29 94 97 19 86 39 30 7 
1383704147 bob 29 85 20 51 67 1 18 51 88 94 98 37 2 52 88 37 8 17 37 73 
1383704151 alice 95 61 91 70 41 79 58 41 55 59 52 22 35 45 98 50 
1383704155 hillary 78 47 27 
1383704162 alice 76 85 92 18 98 90 99 
1383704163 eunice 48 24 75 79 86 50 70 31 23 37 46 57 94 3 48 64 86 79 44 
1383704164 bob 50 27 77 98 86 37 37 
1383704167 dylan 16 73 62 40 25 58 62 8 57 
1383704170 dylan 47 42 43 65 28 27 92 37 99 73 97 39 19 
1383704173 dylan 1 75 35 15 44 29 16 36 33 39 8 81 75 29 10 
1383704182 foster 59 4 48 58 81 44 43 46 65 77 36 12 15 96 
1383704183 eunice 12 18 29 64 22 7 75 16 90 61 32 5 57 21 
1383704186 foster 18 69 59 29 63 48 90 71 60 4 69 52 79 23 27 51 27 
1383704191 dylan 8 17 10 61 36 22 83 94 53 5 62 83 12 94 56 
1383704194 hillary 16 76 25 49 58 10 24 96 
1383704196 graham 81 65 27 35 36 16 78 5 4 87 78 49 28 
1383704201 hillary 42 20 4 78 80 
1383704209 chester 64 98 75 9 74 92 85 21 
1383704212 dylan 90 67 15 73 
1383704214 dylan 66 20 35 5 25 64 15 55 56 54 63 11 17 55 19 90 74 16 
1383704220 dylan 59 95 96 84 79 86 72 47 52 55 80 41 29 37 80 65 53 57 0 97 
1383704226 hillary 23 36 95 17 57 4 99 63 66 70 98 33 64 31 55 22 
1383704230 graham 67 12 26 24 30 21 54 96 37 67 98 76 89 58 10 85 
1383704232 bob 0 38 47 88 41 24 77 59 97 56 35 79 23 
1383704235 bob 45 18 42 44 93 21 96 5 86 48 57 0 62 67 70 33 63 
1383704237 bob 94 79 95 63 47 47 94 72 12 99 81 35 79 59 25 53 6 24 98 
1383704239 eunice 32 78 92 37 29 17 13 26 91 35 18 3 93 85 
1383704243 foster 64 46 68 65 12 31 4 24 38 29 95 39 61 69 67 12 69 76 
1383704247 dylan 33 91 89 82 94 48 98 28 96 33 
1383704253 chester 87 80 83 6 67 80 19 63 72 79 97 37 
1383704259 bob 56 27 40 53 84 15 66 35 
1383704260 eunice 43 92 8 87 14 66 97 30 88 
1383704265 dylan 67 43 56 4 28 74 10 69 33 44 33 
1383704271 alice 90 27 81 36 28 67 69 36 
1383704273 eunice 20 16 2 9 73 13 8 42 28 54 24 21 9 93 
1383704282 foster 16 84 13 77 36 15 37 80 31 46 93 4 91 27 33 39 25 
1383704291 foster 54 38 88 21 72 74 66 
1383704293 hillary 10 42 45 71 54 27 40 77 30 21 73 77 21 85 18 82 8 1 
1383704299 foster 74 45 37 31 
1383704301 eunice 26 99 72 37 72 10 71 
1383704303 hillary 14 75 16 56 22 62 65 5 80 84 40 0 59 7 31 20 4 
1383704305 eunice 32 36 
1383704306 chester 86 84 33 91 65 28 58 17 41 73 67 11 13 5 
1383704308 foster 23 81 93 30 79 78 72 73 62 57 62 71 96 71 54 
1383704309 alice 99 72 3 94 9 80 34 48 93 49 54 78 45 65 73 66 27 88 2 20 
1383704317 bob 23 61 67 22 70 84 81 92 52 63 16 83 33 79 84 92 23 
1383704325 bob 40 54 4 42 45 65 
1383704328 graham 67 47 70 23 82 92 24 89 71 
1383704332 foster 3 29 2 1 65 83 91 82 88 51 29 8 91 29 51 37 58 30 0 8 
1383704341 graham 62 59 62 35 91 10 86 62 82 35 44 63 47 13 67 74 17 87 
1383704343 foster 20 22 
1383704364 dylan 50 40 1 75 57 16 52 96 9 71 82 14 30 72 
1383704372 bob 11 41 60 56 72 2 73 90 
1383704373 foster 18 45 91 42 38 15 96 
1383704374 foster 56 14 10 96 9 55 65 46 77 38 13 0 29 69 26 59 10 
1383704377 hillary 23 98 33 8 26 65 29 20 13 21 57 
1383704382 hillary 57 78 45 50 16 
1383704385 chester 46 13 42 46 28 
1383704387 hillary 53 15 43 44 42 66 94 31 46 0 22 38 3 20 85 29 5 
1383704390 bob 35 66 0 15 58 36 95 51 86 30 65 96 
1383704392 eunice 94 36 98 
1383704403 dylan 94 93 1 74 29 5 41 
1383704406 foster 54 43 30 85 77 80 47 54 53 
1383704409 bob 53 83 51 45 26 
1383704417 hillary 35 4 24 17 41 68 25 11 47 91 99 
1383704418 dylan 89 53 51 69 30 96 7 18 97 80 5 35 76 48 46 
1383704419 hillary 39 62 74 50 3 0 
1383704425 chester 77 87 87 66 99 33 28 90 36 67 96 31 38 52 30 25 27 33 59 
1383704426 dylan 81 58 80 59 8 84 
1383704432 bob 32 94 69 47 27 73 51 14 58 
1383704455 hillary 93 58 3 80 79 24 57 45 85 33 3 51 51 70 
1383704457 graham 25 63 94 82 59 36 52 34 37 18 
1383704458 dylan 87 0 73 0 83 47 96 37 7 72 15 3 
1383704460 eunice 85 34 90 38 80 67 44 37 88 63 16 83 33 81 64 14 69 15 
1383704464 foster 94 83 37 29 39 94 8 23 78 69 43 20 97 7 44 1 61 31 
1383704467 chester 18 82 95 29 67 
1383704469 bob 32 55 43 3 52 73 4 
1383704478 foster 89 70 71 24 40 
1383704480 alice 17 5 51 5 94 9 
1383704483 bob 91 70 26 1 16 33 5 75 
1383704490 eunice 55 9 77 4 
1383704493 eunice 55 42 91 54 14 64 34 56 
1383704499 dylan 97 60 0 82 74 34 39 96 25 96 87 99 23 62 22 77 5 
1383704501 dylan 89 63 74 52 72 70 46 53 74 74 
1383704502 foster 61 42 80 23 34 21 10 37 59 13 28 9 33 59 48 73 63 77 44 
1383704504 eunice 69 68 78 19 23 46 4 53 78 66 
1383704505 foster 34 73 86 52 12 65 
1383704506 dylan 64 12 
1383704507 chester 25 89 53 32 85 11 98 91 17 64 39 63 51 95 93 22 59 41 99 
1383704508 graham 69 92 40 55 11 47 87 63 88 40 23 
1383704510 hillary 25 60 82 90 93 76 44 38 39 89 40 96 72 
1383704515 chester 65 10 39 38 1 84 67 2 22 68 28 99 58 92 91 58 93 22 75 42 
1383704518 alice 87 95 46 25 66 70 2 30 1 11 39 8 3 39 40 80 93 44 37 
1383704520 bob 16 
1383704522 eunice 36 93 97 98 82 26 56 79 
1383704526 graham 29 71 8 76 27 43 58 36 86 4 40 50 93 97 
1383704528 bob 41 74 21 91 11 83 69 41 37 36 88 94 30 8 14 16 30 20 29 
1383704529 eunice 71 66 61 47 30 32 44 39 35 45 49 94 43 21 70 
1383704543 dylan 43 20 28 73 67 10 52 43 84 
1383704557 eunice 15 8 51 48 0 52 82 83 66 63 91 49 55 51 78 94 27 94 38 22 
1383704558 chester 87 65 51 77 13 6 53 80 89 5 5 90 72 69 76 70 10 73 76 88 
1383704571 hillary 17 
1383704574 dylan 27 16 42 77 87 77 38 63 74 
1383704575 chester 92 53 34 45 35 11 52 41 98 
1383704578 hillary 3 27 33 51 42 51 62 31 5 16 89 31 23 93 17 96 45 
1383704580 graham 73 45 34 99 46 84 95 75 99 24 52 87 22 35 43 57 86 36 
1383704588 dylan 11 15 75 
1383704593 foster 98 33 51 75 3 39 51 35 8 76 6 10 87 48 26 24 76 12 
1383704595 hillary 53 59 68 
1383704596 chester 87 17 68 89 66 59 28 35 77 
1383704607 bob 49 55 94 58 95 17 36 57 48 61 87 58 60 24 16 80 
1383704611 alice 34 14 31 24 40 38 29 92 16 
1383704630 hillary 94 98 93 
1383704631 graham 96 13 3 21 90 52 52 49 47 72 64 91 38 91 
1383704634 bob 23 42 12 48 25 63 83 64 
1383704640 hillary 27 87 68 86 43 23 63 92 2 30 73 80 32 
1383704641 foster 14 17 
1383704650 hillary 40 52 83 7 82 6 8 76 82 92 96 54 85 62 
1383704656 foster 26 49 77 90 
1383704657 bob 50 5 16 68 68 35 61 15 35 74 35 
1383704660 hillary 52 49 48 22 91 92 35 9 53 55 53 59 39 37 
1383704662 chester 26 0 16 48 82 70 18 75 
1383704670 dylan 54 97 6 9 14 85 16 83 65 25 93 82 5 
1383704673 graham 53 30 28 94 84 13 68 17 50 11 61 
1383704674 eunice 51 77 39 79 98 95 50 22 38 85 3 32 53 75 46 6 
1383704686 eunice 0 31 62 60 4 62 95 80 15 46 51 93 98 5 49 51 70 17 70 72 
1383704689 bob 21 22 75 86 44 
1383704693 eunice 11 1 27 93 32 57 33 37 71 97 48 44 
1383704698 graham 94 36 53 73 1 
1383704702 dylan 36 54 18 25 5 51 77 28 70 0 90 73 40 12 46 
1383704709 hillary 14 93 98 11 69 16 1 
1383704713 graham 82 67 15 83 49 94 
