1383703966 alice 25 52 56 41 44 13 42 27 26 10 66 39 75 
1383703970 eunice 59 96 90 88 11 18 26 80 83 
1383703975 foster 76 40 11 
1383703977 chester 3 77 44 28 15 25 49 69 97 
1383703988 foster 83 98 86 18 44 3 87 4 31 24 25 22 2 19 42 58 
1383703996 hillary 62 3 1 80 3 81 93 83 11 34 86 55 73 91 
1383703999 alice 18 45 0 84 87 12 
1383704001 bob 1 28 99 74 68 25 20 19 65 26 15 94 84 52 4 81 40 28 
1383704002 foster 96 36 26 42 52 0 12 25 11 85 
1383704003 chester 93 93 43 78 9 36 97 
1383704004 hillary 86 63 62 49 93 64 94 15 14 25 52 13 
1383704010 foster 35 85 81 52 80 50 
1383704017 graham 61 14 1 13 82 31 48 66 9 96 28 0 93 32 26 35 84 3 14 
1383704021 alice 5 69 19 13 96 10 35 60 77 9 5 
1383704023 eunice 32 88 57 2 39 87 
1383704032 alice 23 39 51 7 70 40 
1383704054 bob 63 48 68 2 16 57 87 
1383704060 graham 83 10 40 97 27 71 88 
1383704061 graham 25 39 12 99 31 40 88 82 45 8 14 75 53 60 85 
1383704083 foster 45 57 0 75 80 84 
1383704086 eunice 34 17 58 72 92 10 70 58 31 41 30 60 98 21 47 31 82 79 45 50 
1383704087 hillary 5 42 13 90 24 78 70 
1383704088 hillary 93 71 99 3 15 16 54 96 15 85 79 
1383704093 graham 75 37 23 51 94 57 70 39 22 39 52 83 25 62 49 
1383704097 dylan 3 2 73 10 5 52 78 
1383704103 foster 85 72 11 43 12 64 93 
1383704104 chester 22 90 98 40 5 95 72 57 88 92 35 48 94 47 88 7 
1383704108 hillary 32 96 39 79 15 22 45 20 97 45 66 94 79 16 37 1 68 59 41 38 
1383704109 graham 74 91 28 16 74 64 63 39 99 82 39 69 46 72 15 83 95 76 88 
1383704114 hillary 23 6 29 43 31 69 54 71 
1383704115 hillary 39 32 75 56 19 82 28 41 4 28 66 95 52 20 68 55 
1383704125 eunice 14 23 94 29 0 62 
1383704140 graham 32 58 45 26 41 29 89 93 
1383704143 foster 54 72 14 48 94 79 14 17 50 52 29 44 
1383704144 bob 38 89 52 32 30 31 76 87 
1383704148 hillary 72 48 56 65 30 76 88 57 76 90 8 29 16 91 22 49 15 50 
1383704159 alice 6 67 10 57 53 79 24 88 0 13 2 5 66 90 
1383704160 chester 96 67 68 84 51 44 31 
1383704178 bob 11 75 43 45 55 86 92 79 44 48 
1383704181 hillary 84 66 14 
1383704189 alice 88 52 41 81 
1383704193 eunice 40 97 52 84 74 75 17 85 93 35 56 62 72 23 35 40 67 7 
1383704197 hillary 11 16 1 72 47 31 75 5 49 52 29 12 92 95 33 11 5 93 78 
1383704200 chester 31 22 86 17 42 97 62 88 65 75 
1383704202 chester 92 17 47 56 92 71 52 9 11 98 78 77 
1383704210 chester 43 94 83 0 61 47 71 98 8 57 67 25 12 72 
1383704213 foster 42 58 1 6 23 21 58 87 91 87 14 98 65 86 95 50 
1383704219 foster 88 69 50 66 8 10 53 20 76 8 3 0 49 65 33 1 77 72 
1383704231 hillary 37 79 15 61 99 94 43 53 80 64 60 11 
1383704233 dylan 8 58 
1383704246 alice 90 29 26 6 0 39 
1383704254 eunice 30 12 58 7 26 58 0 65 16 80 65 49 73 36 2 32 13 48 80 
1383704255 graham 89 85 0 8 51 80 58 40 74 6 
1383704263 alice 79 41 72 50 76 17 74 9 67 10 75 64 44 14 94 52 1 56 86 
1383704267 eunice 57 8 
1383704268 chester 47 67 72 75 91 54 47 31 66 56 11 85 43 94 13 39 14 62 50 17 
1383704269 eunice 67 42 13 55 98 91 92 7 75 
1383704274 foster 43 5 93 21 7 20 13 80 6 88 19 87 29 31 
1383704283 alice 2 35 7 48 79 88 96 
1383704285 eunice 40 32 39 50 
1383704286 eunice 64 90 6 35 51 13 26 39 63 67 4 24 76 61 91 7 45 
1383704289 dylan 78 44 64 0 53 
1383704290 bob 60 79 15 8 15 74 97 39 0 9 52 84 69 
1383704295 hillary 80 
1383704298 graham 8 42 86 69 63 78 5 26 77 81 60 93 59 7 71 13 28 51 86 1 
1383704311 bob 67 99 77 43 79 32 15 99 24 85 50 44 
1383704312 graham 24 16 17 1 85 96 37 95 
1383704314 chester 70 28 95 84 75 62 32 75 0 50 69 57 84 49 93 60 
1383704316 chester 82 94 96 79 14 75 99 84 68 73 14 7 56 89 13 91 69 65 53 29 
1383704320 alice 84 3 45 95 91 63 
1383704323 dylan 78 85 88 25 81 77 19 38 11 65 50 38 47 5 58 70 
1383704331 alice 38 20 38 21 69 83 88 1 25 
1383704335 bob 68 38 71 18 29 72 63 27 39 1 30 74 4 
1383704340 foster 90 53 42 94 61 45 43 
1383704342 chester 37 53 51 
1383704344 hillary 23 97 58 34 26 13 18 10 69 54 97 22 84 
1383704347 chester 59 22 93 80 
1383704348 chester 94 23 67 73 97 85 61 
1383704357 graham 50 27 1 3 72 76 80 2 11 12 90 3 62 37 
1383704361 eunice 42 
1383704365 bob 7 30 76 
1383704367 graham 71 5 65 85 94 7 31 80 38 54 36 37 18 24 54 20 65 39 
1383704368 graham 0 99 64 63 98 91 76 99 77 7 98 31 87 15 58 
1383704369 alice 67 94 35 68 2 94 78 30 54 91 78 54 9 58 44 83 57 87 58 74 
1383704375 alice 23 83 19 11 7 50 65 60 71 40 
1383704378 chester 26 21 77 91 68 51 57 28 78 51 68 13 99 
1383704386 foster 99 82 15 67 3 36 33 57 0 42 
1383704388 alice 1 76 62 23 81 7 54 54 82 37 10 39 22 87 17 
1383704393 chester 42 69 81 48 52 57 16 74 5 25 92 50 
1383704396 alice 71 44 6 
1383704400 alice 52 79 
1383704401 bob 55 24 99 16 31 2 38 24 99 3 57 97 99 72 50 25 95 73 
1383704402 foster 42 49 66 47 13 88 96 7 
1383704404 alice 52 
1383704408 dylan 7 60 88 1 96 71 29 33 78 39 26 75 37 87 66 
1383704413 graham 53 89 58 
1383704434 dylan 14 17 0 40 26 75 55 89 
1383704436 eunice 61 53 73 86 63 13 79 87 5 5 77 78 
1383704440 bob 75 78 98 55 62 31 86 76 19 58 83 58 23 65 47 8 70 58 88 67 
1383704444 hillary 73 55 4 56 21 33 98 42 24 
1383704445 eunice 10 94 64 99 92 4 90 68 36 96 53 98 31 89 75 34 36 
1383704452 alice 76 9 57 74 55 29 
1383704459 alice 99 68 52 97 40 38 
1383704465 foster 28 97 40 10 15 99 53 66 7 
1383704468 foster 24 4 69 21 73 89 5 69 0 9 78 64 81 93 46 69 34 
1383704473 hillary 4 27 
1383704477 chester 53 32 42 88 45 30 33 81 70 96 9 81 75 17 93 81 43 
1383704479 graham 5 97 99 65 83 12 32 58 11 93 84 59 64 2 
1383704488 chester 37 44 
1383704492 chester 97 66 11 0 89 4 44 70 29 61 48 13 18 15 81 
1383704494 graham 25 82 84 75 69 49 67 97 64 16 32 78 69 63 
1383704497 bob 16 79 56 66 18 58 27 0 76 56 58 75 33 22 67 12 27 57 96 98 
1383704511 chester 23 
1383704514 chester 31 38 44 74 75 82 64 20 
1383704523 chester 2 
1383704532 foster 91 94 20 45 
1383704534 graham 31 96 99 30 21 42 1 81 27 80 1 47 3 23 
1383704535 dylan 35 
1383704537 bob 36 45 24 81 50 55 37 17 5 87 63 65 17 
1383704541 alice 5 24 75 56 42 45 62 87 25 90 35 62 
1383704546 chester 32 33 19 25 10 84 62 59 19 
1383704547 chester 25 0 49 34 41 8 72 33 45 84 52 83 57 67 
1383704548 bob 0 13 35 46 89 12 28 40 17 4 82 6 87 67 42 20 97 60 25 18 
1383704551 hillary 61 25 72 68 35 94 33 68 98 60 82 42 75 
1383704552 bob 67 72 83 6 78 47 54 3 43 98 10 29 87 
1383704553 alice 70 34 37 14 1 47 55 69 
1383704561 dylan 59 60 17 55 73 73 99 87 56 18 18 20 
1383704567 chester 80 22 29 46 15 49 84 21 97 97 69 91 75 99 92 83 
1383704579 eunice 72 83 37 25 70 53 75 0 84 65 8 62 30 46 67 37 73 59 34 72 
1383704584 dylan 8 78 93 58 30 50 10 29 50 
1383704590 graham 82 28 14 76 6 
1383704612 chester 75 74 64 38 42 15 90 56 84 71 94 89 37 
1383704614 alice 22 
1383704616 dylan 91 26 90 2 30 35 4 13 98 4 97 20 20 71 2 95 82 
1383704620 hillary 38 91 5 26 77 
1383704626 foster 30 92 65 41 79 23 8 48 
1383704628 dylan 13 99 
1383704642 graham 77 22 84 93 40 96 72 32 35 
1383704649 dylan 6 69 28 
1383704654 bob 29 85 56 83 97 52 47 3 85 89 24 53 13 57 43 
1383704655 foster 86 15 57 73 71 55 59 93 39 
1383704661 graham 12 50 34 86 73 65 54 7 
1383704675 dylan 31 51 40 22 75 90 81 24 95 0 26 1 28 54 3 61 99 88 78 69 
1383704685 foster 9 42 54 14 80 32 45 79 52 1 58 65 
1383704694 graham 73 69 18 
1383704695 foster 29 27 64 16 5 9 57 38 34 78 32 38 13 
1383704707 hillary 94 73 94 71 74 71 25 93 20 50 88 51 72 69 
