1383703965 graham 35 72 65 17 65 43 4 58 67 80 47 61 71 46 36 33 50 92 7 
1383703967 alice 96 98 26 23 38 55 12 85 55 99 81 63 61 36 
1383703981 chester 84 64 40 74 48 61 97 48 78 22 0 19 
1383703983 alice 63 38 33 91 46 23 37 
1383703984 eunice 13 57 5 98 0 35 
1383703985 foster 53 49 98 83 13 
1383703986 chester 41 3 82 46 8 99 52 95 20 32 
1383703991 chester 60 62 30 8 90 48 76 99 
1383703992 dylan 23 10 
1383703994 chester 15 10 28 66 75 79 67 55 46 13 28 82 28 90 32 
1383703995 bob 56 34 
1383703998 hillary 93 57 49 10 88 11 79 15 7 9 
1383704007 bob 15 82 54 41 90 80 37 68 87 33 30 13 28 39 67 54 28 7 89 
1383704014 dylan 64 32 41 28 16 15 64 74 40 39 36 21 44 92 45 95 19 13 
1383704015 graham 75 37 14 99 98 80 39 72 67 97 39 
1383704018 bob 57 26 49 
1383704020 eunice 43 68 45 3 42 97 69 74 30 33 70 46 13 5 73 30 11 51 34 12 
1383704026 hillary 66 34 30 90 89 90 67 32 20 
1383704027 bob 9 
1383704030 graham 42 17 
1383704039 dylan 44 45 97 34 57 62 17 
1383704040 foster 7 95 9 10 26 54 4 
1383704042 bob 38 94 30 37 77 60 53 52 8 77 28 16 
1383704043 graham 45 71 
1383704047 alice 75 13 92 77 87 91 47 14 40 95 10 70 75 9 
1383704050 bob 68 75 5 31 50 65 3 17 66 
1383704052 chester 49 21 
1383704055 alice 56 14 35 55 90 44 31 44 82 93 40 
1383704057 bob 3 0 38 89 48 60 90 29 35 57 52 
1383704064 dylan 24 40 25 27 
1383704065 foster 36 4 74 7 87 37 81 2 15 34 87 58 73 
1383704069 bob 24 97 58 85 78 24 56 79 21 64 95 72 91 21 26 75 49 52 93 
1383704072 eunice 33 47 34 56 63 22 74 65 79 37 94 48 71 9 4 97 
1383704074 eunice 88 20 20 68 0 52 5 23 80 6 76 54 88 43 19 96 76 
1383704077 alice 32 13 14 65 
1383704081 graham 57 31 
1383704094 hillary 90 83 48 25 0 2 90 28 23 67 14 22 81 58 
1383704096 bob 27 67 3 60 28 15 38 70 76 27 
1383704110 bob 25 39 91 59 71 72 73 41 0 4 82 
1383704112 foster 38 93 46 54 25 2 72 19 18 21 46 74 89 55 70 38 40 44 84 
1383704118 graham 31 34 59 75 46 62 24 7 43 88 99 55 99 93 2 
1383704121 foster 80 21 76 28 63 71 41 83 22 52 
1383704130 alice 57 39 53 37 31 35 83 61 85 34 67 68 73 
1383704136 bob 88 35 95 50 78 72 76 
1383704145 dylan 61 49 22 49 22 43 39 13 43 52 81 
1383704150 hillary 85 47 
1383704158 dylan 29 98 54 20 3 57 
1383704161 foster 21 41 15 38 61 30 44 25 98 80 81 86 98 20 40 20 69 9 0 
1383704166 graham 51 97 84 46 86 12 
1383704174 eunice 36 90 24 31 51 45 91 72 48 78 11 5 91 99 
1383704185 bob 51 89 56 78 94 
1383704187 graham 86 71 23 52 83 39 71 49 8 44 99 
1383704192 foster 93 75 46 97 14 27 24 59 85 78 51 6 13 
1383704199 foster 28 
1383704203 alice 6 12 88 87 17 19 
1383704208 eunice 99 77 20 37 73 72 
1383704215 hillary 1 44 48 41 94 19 54 21 97 44 86 79 23 50 17 69 0 65 
1383704216 alice 3 31 47 79 89 8 18 85 76 97 59 56 43 58 85 79 45 55 
1383704222 eunice 99 12 80 76 7 76 55 46 99 63 55 30 78 21 63 
1383704229 dylan 43 72 
1383704238 chester 55 65 24 4 49 7 17 77 30 39 25 45 51 50 75 93 
1383704241 foster 62 64 77 89 44 
1383704261 bob 27 48 55 76 23 
1383704262 alice 42 74 16 43 44 20 92 70 58 63 75 45 86 
1383704264 foster 20 0 6 26 55 61 11 71 97 21 25 8 9 17 27 54 
1383704276 alice 45 81 81 25 28 96 18 68 
1383704277 chester 9 76 93 95 56 89 98 28 84 77 0 92 64 93 5 62 19 
1383704288 eunice 36 65 92 59 
1383704296 eunice 55 3 27 92 95 33 66 22 49 33 28 21 35 56 26 78 86 58 27 
1383704304 hillary 8 44 93 75 45 95 0 
1383704307 chester 75 44 29 7 8 67 
1383704310 chester 10 32 5 57 89 64 1 
1383704318 alice 98 37 97 98 61 91 37 24 22 
1383704321 graham 15 18 8 4 31 61 79 
1383704324 eunice 10 93 83 0 5 
1383704329 alice 90 15 63 21 31 82 64 60 96 13 24 12 18 65 61 0 70 37 
1383704333 alice 1 11 33 96 64 
1383704336 alice 62 13 10 52 30 
1383704346 eunice 14 4 46 99 74 94 58 13 80 75 84 36 40 66 45 82 
1383704355 chester 90 76 9 85 55 20 65 54 
1383704358 hillary 28 31 3 6 28 50 91 31 19 89 43 0 14 62 
1383704359 alice 33 14 94 12 83 
1383704360 foster 83 37 55 29 11 40 12 78 34 5 96 15 26 26 70 30 78 
1383704363 bob 15 90 75 41 70 42 88 99 96 69 0 65 42 70 
1383704380 chester 53 93 65 16 50 12 79 99 74 43 26 14 37 
1383704407 eunice 86 73 67 32 50 14 68 70 88 14 38 3 83 
1383704415 foster 40 3 37 97 36 
1383704421 alice 12 78 52 5 42 
1383704422 foster 46 27 8 99 43 3 97 56 56 15 40 26 11 49 78 86 72 12 6 
1383704439 foster 45 93 58 83 55 
1383704441 alice 62 81 1 63 51 44 67 24 53 51 3 26 50 40 
1383704443 bob 22 76 15 
1383704472 bob 56 51 
1383704476 dylan 7 82 53 61 55 97 
1383704481 foster 46 
1383704484 dylan 23 7 31 0 33 82 69 62 58 94 4 53 25 27 7 34 80 16 
1383704489 alice 38 48 12 19 63 
1383704495 bob 93 10 54 
1383704521 chester 89 81 4 76 55 54 44 96 52 40 
1383704525 bob 48 82 45 77 70 70 51 37 28 31 43 11 
1383704527 graham 96 54 75 
1383704530 foster 90 30 12 11 46 72 1 40 62 69 2 71 26 56 
1383704531 foster 67 16 65 29 8 43 80 63 56 34 62 84 
1383704538 eunice 6 18 47 25 24 63 63 45 75 34 63 12 20 74 
1383704544 dylan 48 
1383704545 alice 19 30 91 62 44 75 85 33 60 74 23 34 76 35 10 17 30 17 75 66 
1383704563 chester 47 97 37 12 98 16 94 29 42 56 54 15 27 96 92 
1383704564 chester 39 83 15 22 36 44 13 97 
1383704565 eunice 72 83 2 84 59 56 30 39 94 14 44 66 72 34 71 79 55 85 41 22 
1383704572 eunice 18 41 14 7 79 98 20 53 75 62 19 20 2 66 
1383704589 foster 82 30 68 97 4 52 
1383704600 hillary 70 98 
1383704604 alice 57 28 60 96 71 84 
1383704608 bob 51 2 41 87 25 65 89 51 99 9 97 67 70 29 24 96 49 42 
1383704609 alice 73 11 6 41 34 39 69 87 74 64 29 21 80 27 10 52 60 65 33 3 
1383704617 dylan 75 22 44 45 10 61 41 99 36 
1383704622 graham 58 5 17 26 90 79 5 9 78 
1383704624 eunice 68 20 98 94 15 
1383704625 hillary 26 
1383704627 dylan 16 45 84 3 81 56 28 84 10 94 17 86 11 
1383704629 chester 70 52 82 29 57 1 80 18 95 17 
1383704638 graham 75 48 35 
1383704639 foster 3 58 69 62 72 60 69 16 87 30 68 21 39 48 47 51 44 70 
1383704644 chester 17 9 70 12 67 
1383704646 foster 73 38 91 92 86 28 51 66 36 
1383704647 graham 58 10 70 41 9 34 43 5 46 99 19 48 47 69 69 14 0 
1383704652 hillary 42 16 24 
1383704666 eunice 25 49 98 13 37 41 
1383704669 chester 49 96 62 6 58 12 53 0 42 73 24 53 
1383704672 alice 81 39 38 49 68 14 94 3 4 3 85 86 72 99 87 51 70 
1383704683 dylan 9 89 79 6 96 76 84 28 93 50 34 0 9 27 1 47 22 18 58 32 
1383704688 hillary 57 26 46 76 17 52 92 
1383704691 dylan 2 16 35 
1383704705 graham 11 58 75 82 46 15 43 88 24 18 23 57 
1383704710 alice 68 49 71 98 63 97 90 89 18 34 2 32 81 70 2 89 72 14 
1383704712 eunice 66 17 56 47 11 32 65 
