1383703963 eunice 14 79 56 57 65 73 44 82 98 92 94 
1383703973 dylan 85 42 
1383703974 dylan 1 92 17 97 78 61 22 63 55 19 86 71 19 11 19 92 29 5 59 
1383703976 alice 31 66 65 72 48 2 70 35 63 90 31 
1383703978 eunice 32 65 40 77 22 87 70 90 68 80 63 11 45 36 17 28 20 71 
1383703987 eunice 48 40 91 85 50 33 10 82 9 61 87 71 90 94 12 18 14 6 
1383703990 foster 10 30 40 95 83 83 
1383704005 alice 52 54 42 16 88 66 12 8 81 77 33 68 11 80 
1383704006 dylan 74 62 53 83 61 96 20 88 91 
1383704009 foster 76 24 54 87 93 
1383704012 graham 86 61 19 
1383704013 dylan 70 30 9 11 67 48 4 44 34 91 76 
1383704029 chester 48 19 71 89 9 52 73 2 93 39 
1383704033 alice 10 40 50 98 34 90 76 17 74 79 
1383704046 dylan 83 67 8 94 24 52 84 28 58 42 5 54 46 89 37 
1383704048 foster 64 56 93 74 97 56 37 
1383704056 graham 39 32 52 4 
1383704062 dylan 40 94 55 82 35 29 11 20 94 80 96 39 1 51 41 66 12 42 57 
1383704066 alice 54 88 60 95 31 62 64 89 88 88 69 65 78 7 27 4 57 97 68 
1383704067 foster 15 32 96 88 96 70 40 29 85 54 68 
1383704068 hillary 84 99 79 38 76 27 51 81 96 
1383704071 foster 22 43 50 68 56 88 61 77 24 18 
1383704076 eunice 39 28 72 18 74 6 50 40 93 48 37 31 63 78 69 
1383704080 alice 47 73 95 92 69 64 79 38 
1383704084 chester 85 29 57 38 53 39 23 7 76 10 8 16 40 51 54 49 74 
1383704091 dylan 91 35 49 73 10 55 30 70 77 47 89 8 4 54 49 16 46 22 26 
1383704099 eunice 28 57 15 23 37 37 10 4 22 70 55 
1383704100 dylan 71 17 
1383704107 alice 46 16 17 
1383704113 bob 57 33 78 35 73 21 57 7 49 25 71 37 96 98 0 44 50 43 
1383704116 bob 93 78 54 45 13 45 65 16 11 79 32 41 
1383704117 foster 3 16 67 3 85 90 73 14 39 99 61 30 10 20 79 
1383704119 alice 78 7 5 70 34 2 9 1 
1383704122 alice 42 53 44 
1383704123 dylan 61 55 45 84 44 37 32 63 8 53 13 
1383704124 graham 84 94 57 45 39 44 8 17 40 91 92 66 44 18 41 30 98 
1383704127 foster 76 93 83 50 0 25 64 88 40 76 77 29 12 5 97 88 84 
1383704131 graham 43 26 
1383704149 alice 22 87 76 72 99 58 11 67 85 83 2 20 98 22 53 65 96 
1383704154 chester 9 84 50 5 80 58 12 
1383704157 hillary 14 25 1 18 89 52 3 59 75 
1383704171 foster 90 8 17 96 64 91 18 4 73 54 89 62 28 45 10 13 89 46 
1383704172 alice 88 83 
1383704179 hillary 56 16 39 
1383704180 dylan 32 43 3 83 37 42 63 18 18 21 20 75 52 11 12 87 93 
1383704184 foster 82 26 38 22 7 27 40 34 
1383704190 chester 82 92 46 3 26 53 78 46 52 
1383704195 graham 60 56 38 26 92 24 27 40 31 57 71 
1383704205 hillary 31 2 64 69 96 14 45 5 26 18 34 69 64 
1383704211 dylan 31 27 85 
1383704217 bob 51 98 14 64 55 47 97 92 7 15 96 80 43 84 53 54 86 3 75 1 
1383704221 bob 97 66 19 90 70 
1383704223 alice 83 95 48 97 58 64 46 59 66 74 92 
1383704224 eunice 34 44 96 
1383704225 foster 11 12 15 51 38 98 46 99 12 70 5 52 9 70 99 94 58 77 
1383704227 hillary 59 57 84 19 44 7 88 29 59 28 14 64 86 44 69 83 19 
1383704228 foster 37 40 44 42 60 21 77 99 76 21 29 72 48 81 69 17 71 13 40 
1383704240 foster 24 41 29 46 25 
1383704242 eunice 49 
1383704245 hillary 44 
1383704248 foster 73 8 26 65 
1383704251 eunice 86 58 71 83 96 94 27 40 37 19 74 45 71 94 79 76 23 79 82 
1383704252 graham 41 47 
1383704266 hillary 90 94 43 16 67 80 53 99 75 12 82 47 33 
1383704280 hillary 70 24 44 33 60 40 54 65 27 38 60 83 9 46 91 17 
1383704281 eunice 65 43 79 68 15 94 89 90 
1383704284 alice 50 16 
1383704292 hillary 94 47 65 58 40 43 59 92 51 3 49 87 22 39 96 21 23 6 
1383704300 bob 83 96 73 90 47 45 76 48 54 37 38 65 
1383704302 hillary 22 40 1 14 0 
1383704315 foster 90 95 91 24 8 32 57 48 18 10 80 32 
1383704319 hillary 47 
1383704330 dylan 8 92 17 75 31 46 31 32 24 15 23 39 3 1 58 42 33 88 9 86 
1383704334 alice 75 1 12 60 52 85 60 86 37 96 
1383704337 graham 49 0 61 41 92 73 25 63 62 80 
1383704345 alice 26 77 75 44 70 85 62 60 99 52 18 55 94 52 55 
1383704351 foster 60 51 21 81 1 20 25 54 64 97 28 39 
1383704352 eunice 60 70 66 68 84 
1383704354 foster 32 79 44 60 2 
1383704366 bob 66 61 53 33 60 17 16 22 
1383704376 alice 15 33 56 44 
1383704379 chester 45 34 98 36 44 79 12 5 33 
1383704383 alice 64 44 81 97 69 8 30 
1383704389 foster 83 98 94 96 91 81 3 20 97 29 70 4 32 23 98 78 74 38 92 19 
1383704391 eunice 21 
1383704394 graham 8 25 49 55 93 34 30 77 94 87 
1383704397 dylan 72 58 97 12 10 17 38 20 15 36 33 31 68 5 52 35 82 52 
1383704398 eunice 88 37 6 33 56 99 54 72 70 16 1 23 35 64 34 66 0 
1383704405 chester 16 
1383704412 graham 34 86 25 75 84 83 0 0 81 
1383704420 dylan 7 68 63 89 81 34 24 81 94 22 58 91 99 76 92 2 85 
1383704423 eunice 77 35 66 92 73 98 34 91 72 16 44 49 89 1 33 16 90 20 55 68 
1383704427 foster 55 0 
1383704428 alice 63 0 28 93 21 36 82 66 67 73 61 48 96 16 
1383704429 hillary 87 43 13 16 
1383704431 alice 82 84 2 37 31 86 58 11 19 
1383704433 alice 86 18 30 13 78 16 85 56 34 63 58 87 12 
1383704435 chester 16 0 25 1 90 
1383704437 alice 33 63 96 91 56 57 1 16 47 65 96 50 76 87 32 88 
1383704447 graham 32 49 89 16 58 70 50 
1383704453 bob 31 50 70 99 38 4 69 54 38 16 22 76 82 
1383704456 hillary 8 66 7 95 97 72 82 45 17 56 26 47 16 43 31 66 45 29 
1383704461 hillary 49 57 82 82 19 60 60 87 20 9 11 11 25 96 19 88 49 99 
1383704462 dylan 44 95 17 91 5 69 50 99 84 56 54 81 29 34 
1383704463 eunice 71 17 71 35 42 13 32 91 
1383704471 bob 59 18 82 91 70 53 8 88 6 48 60 77 33 
1383704475 bob 30 87 88 12 42 73 64 85 87 19 53 88 75 71 
1383704482 graham 58 36 68 88 55 86 11 60 53 99 71 
1383704485 alice 43 42 1 10 55 83 39 60 97 19 90 99 60 18 38 79 7 
1383704486 bob 64 23 61 49 86 3 63 49 90 45 23 75 7 36 66 89 
1383704491 chester 18 29 8 54 87 78 3 6 88 25 
1383704496 alice 69 15 31 27 43 96 48 95 81 68 
1383704500 alice 16 1 47 10 13 61 59 
1383704509 graham 34 
1383704512 dylan 2 23 96 50 72 44 84 90 10 42 48 
1383704516 graham 30 53 48 32 4 93 0 33 77 28 98 62 56 
1383704533 bob 78 17 60 70 61 32 36 
1383704540 eunice 92 94 5 98 86 51 44 71 89 72 86 36 71 
1383704550 dylan 42 32 69 68 55 50 14 82 72 57 73 53 44 28 76 81 97 23 29 
1383704556 graham 41 64 92 74 48 41 76 26 68 98 68 
1383704562 alice 15 9 
1383704566 eunice 30 9 87 69 97 12 21 10 24 81 41 22 64 97 
1383704568 bob 96 78 53 75 65 82 72 82 22 80 23 87 46 16 73 95 
1383704569 bob 32 58 33 19 75 78 67 22 46 65 31 
1383704573 alice 31 81 27 5 41 7 41 67 65 57 64 
1383704581 chester 20 5 5 12 8 34 64 61 91 73 11 29 
1383704582 hillary 54 19 42 29 26 73 65 26 26 
1383704583 chester 78 7 83 31 20 88 83 39 9 26 63 14 28 14 58 19 2 
1383704586 alice 83 0 28 69 97 98 80 57 76 42 88 51 
1383704591 dylan 68 19 99 87 96 18 0 91 28 84 59 69 70 
1383704592 graham 92 37 81 0 1 98 92 45 69 57 75 30 24 40 44 39 19 
1383704597 hillary 33 62 69 83 38 4 7 22 
1383704598 alice 14 93 73 78 80 40 30 80 33 17 81 75 58 29 20 77 92 38 86 
1383704601 hillary 64 12 80 52 6 37 35 
1383704603 graham 38 76 22 77 81 79 70 60 26 97 81 10 70 9 65 70 25 58 36 
1383704606 eunice 89 60 52 76 68 17 53 72 55 60 90 57 82 
1383704610 dylan 75 55 44 58 59 60 78 30 31 93 2 1 39 26 62 
1383704623 hillary 84 58 18 40 19 44 72 78 73 50 71 27 67 73 56 88 20 71 
1383704632 graham 23 79 5 85 24 63 47 35 95 3 36 19 64 60 
1383704633 chester 93 75 97 38 98 90 8 1 32 
1383704635 eunice 24 43 
1383704636 chester 67 32 5 7 57 45 32 53 69 52 32 43 74 39 9 1 3 
1383704651 dylan 16 1 60 36 94 3 96 79 17 85 60 44 29 
1383704658 dylan 77 3 21 76 56 41 30 70 
1383704665 alice 26 53 9 43 50 10 93 43 49 48 28 72 17 9 4 92 94 99 
1383704667 bob 76 21 50 6 98 2 41 57 88 44 51 35 15 87 3 66 59 
1383704668 bob 14 80 47 28 83 32 7 
1383704676 graham 50 60 38 63 88 6 48 
1383704679 graham 48 52 90 77 92 18 45 87 42 47 46 17 
1383704680 eunice 82 85 94 13 3 92 30 76 74 51 59 98 64 81 
1383704681 chester 86 67 
1383704687 alice 63 9 10 50 73 36 37 52 85 38 21 59 39 35 35 84 32 98 30 31 
1383704690 dylan 22 8 68 44 16 13 10 86 28 2 11 10 88 77 32 
1383704692 alice 68 20 30 92 63 82 15 3 35 25 31 66 30 36 38 49 3 
1383704696 dylan 66 31 49 28 2 46 6 32 65 17 87 0 64 85 24 17 89 56 31 53 
1383704697 dylan 24 64 83 6 27 32 81 60 69 74 81 82 13 42 69 33 96 91 
1383704699 hillary 79 58 96 96 85 92 66 61 71 68 10 17 71 10 
1383704701 chester 50 91 69 43 41 22 50 42 70 
1383704706 alice 51 66 78 19 15 48 49 37 45 
1383704708 dylan 24 70 66 74 14 76 46 13 26 64 77 21 85 37 8 26 40 81 
1383704711 alice 82 83 21 55 57 93 88 1 18 27 55 16 11 97 58 
